\BOOKMARK [0][-]{chapter.1}{\376\377\0001\000\040\000I\000n\000t\000r\000o\000d\000u\000c\000c\000i\000\363\000n}{}% 1
\BOOKMARK [1][-]{section.1.1}{\376\377\0001\000.\0001\000\040\000I\000n\000t\000r\000o\000d\000u\000c\000c\000i\000\363\000n}{chapter.1}% 2
\BOOKMARK [1][-]{section.1.2}{\376\377\0001\000.\0002\000\040\000M\000o\000t\000i\000v\000a\000c\000i\000\363\000n}{chapter.1}% 3
\BOOKMARK [1][-]{section.1.3}{\376\377\0001\000.\0003\000\040\000O\000b\000j\000e\000t\000i\000v\000o\000s}{chapter.1}% 4
\BOOKMARK [1][-]{section.1.4}{\376\377\0001\000.\0004\000\040\000O\000r\000g\000a\000n\000i\000z\000a\000c\000i\000\363\000n\000\040\000d\000e\000\040\000l\000a\000\040\000m\000e\000m\000o\000r\000i\000a}{chapter.1}% 5
\BOOKMARK [0][-]{chapter.2}{\376\377\0002\000\040\000E\000s\000t\000a\000d\000o\000\040\000d\000e\000l\000\040\000a\000r\000t\000e}{}% 6
\BOOKMARK [1][-]{section.2.1}{\376\377\0002\000.\0001\000\040\000H\000i\000s\000t\000o\000r\000i\000a\000,\000\040\000e\000v\000o\000l\000u\000c\000i\000\363\000n\000\040\000e\000\040\000i\000m\000p\000a\000c\000t\000o\000\040\000d\000e\000\040\000l\000a\000s\000\040\000a\000p\000l\000i\000c\000a\000c\000i\000o\000n\000e\000s\000\040\000m\000\363\000v\000i\000l\000e\000s}{chapter.2}% 7
\BOOKMARK [2][-]{subsection.2.1.1}{\376\377\0002\000.\0001\000.\0001\000\040\000O\000r\000i\000g\000e\000n\000\040\000y\000\040\000e\000v\000o\000l\000u\000c\000i\000\363\000n\000\040\000d\000e\000\040\000l\000o\000s\000\040\000d\000i\000s\000p\000o\000s\000i\000t\000i\000v\000o\000s\000\040\000m\000\363\000v\000i\000l\000e\000s}{section.2.1}% 8
\BOOKMARK [2][-]{subsection.2.1.2}{\376\377\0002\000.\0001\000.\0002\000\040\000E\000c\000o\000s\000i\000s\000t\000e\000m\000a\000s\000\040\000y\000\040\000s\000i\000s\000t\000e\000m\000a\000s\000\040\000o\000p\000e\000r\000a\000t\000i\000v\000o\000s\000\040\000m\000\363\000v\000i\000l\000e\000s}{section.2.1}% 9
\BOOKMARK [2][-]{subsection.2.1.3}{\376\377\0002\000.\0001\000.\0003\000\040\000T\000i\000p\000o\000s\000\040\000d\000e\000\040\000a\000p\000l\000i\000c\000a\000c\000i\000o\000n\000e\000s\000\040\000m\000\363\000v\000i\000l\000e\000s}{section.2.1}% 10
\BOOKMARK [2][-]{subsection.2.1.4}{\376\377\0002\000.\0001\000.\0004\000\040\000I\000m\000p\000a\000c\000t\000o\000\040\000e\000c\000o\000n\000\363\000m\000i\000c\000o\000\040\000y\000\040\000s\000o\000c\000i\000a\000l}{section.2.1}% 11
\BOOKMARK [1][-]{section.2.2}{\376\377\0002\000.\0002\000\040\000E\000v\000o\000l\000u\000c\000i\000\363\000n\000\040\000d\000e\000\040\000l\000a\000\040\000R\000e\000a\000l\000i\000d\000a\000d\000\040\000A\000u\000m\000e\000n\000t\000a\000d\000a\000\040\000e\000n\000\040\000e\000l\000\040\000C\000o\000n\000t\000e\000x\000t\000o\000\040\000d\000e\000\040\000l\000a\000s\000\040\000A\000p\000l\000i\000c\000a\000c\000i\000o\000n\000e\000s\000\040\000M\000\363\000v\000i\000l\000e\000s}{chapter.2}% 12
\BOOKMARK [2][-]{subsection.2.2.1}{\376\377\0002\000.\0002\000.\0001\000\040\000F\000u\000n\000d\000a\000m\000e\000n\000t\000o\000s\000\040\000y\000\040\000p\000r\000i\000m\000e\000r\000a\000s\000\040\000i\000d\000e\000a\000s\000\040\000\050\0001\0009\0006\0000\040\023\0001\0009\0009\0000\000\051}{section.2.2}% 13
\BOOKMARK [2][-]{subsection.2.2.2}{\376\377\0002\000.\0002\000.\0002\000\040\000D\000e\000f\000i\000n\000i\000c\000i\000\363\000n\000\040\000f\000o\000r\000m\000a\000l\000\040\000y\000\040\000p\000r\000i\000m\000e\000r\000o\000s\000\040\000p\000r\000o\000t\000o\000t\000i\000p\000o\000s\000\040\000\050\0001\0009\0009\0000\040\023\0002\0000\0000\0000\000\051}{section.2.2}% 14
\BOOKMARK [2][-]{subsection.2.2.3}{\376\377\0002\000.\0002\000.\0003\000\040\000H\000e\000r\000r\000a\000m\000i\000e\000n\000t\000a\000s\000\040\000a\000b\000i\000e\000r\000t\000a\000s\000\040\000y\000\040\000s\000a\000l\000t\000o\000\040\000a\000\040\000l\000o\000\040\000p\000o\000r\000t\000\341\000t\000i\000l\000\040\000\050\0001\0009\0009\0009\040\023\0002\0000\0001\0000\000\051}{section.2.2}% 15
\BOOKMARK [2][-]{subsection.2.2.4}{\376\377\0002\000.\0002\000.\0004\000\040\000C\000o\000n\000s\000o\000l\000i\000d\000a\000c\000i\000\363\000n\000\040\000y\000\040\000t\000e\000n\000d\000e\000n\000c\000i\000a\000s\000\040\000a\000c\000t\000u\000a\000l\000e\000s\000\040\000\050\0002\0000\0001\0000\040\023\0002\0000\0002\0005\000\051}{section.2.2}% 16
\BOOKMARK [1][-]{section.2.3}{\376\377\0002\000.\0003\000\040\000L\000a\000\040\000v\000i\000s\000i\000b\000i\000l\000i\000z\000a\000c\000i\000\363\000n\000\040\000d\000e\000\040\000l\000a\000s\000\040\000m\000u\000j\000e\000r\000e\000s\000\040\000e\000n\000\040\000e\000l\000\040\000e\000s\000p\000a\000c\000i\000o\000\040\000u\000r\000b\000a\000n\000o\000:\000\040\000u\000n\000a\000\040\000c\000u\000e\000s\000t\000i\000\363\000n\000\040\000d\000e\000\040\000j\000u\000s\000t\000i\000c\000i\000a\000\040\000h\000i\000s\000t\000\363\000r\000i\000c\000a}{chapter.2}% 17
\BOOKMARK [2][-]{subsection.2.3.1}{\376\377\0002\000.\0003\000.\0001\000\040\000R\000e\000f\000e\000r\000e\000n\000t\000e\000s\000\040\000f\000e\000m\000e\000n\000i\000n\000o\000s\000\040\000e\000n\000\040\000l\000a\000\040\000c\000i\000u\000d\000a\000d\000:\000\040\000b\000i\000o\000g\000r\000a\000f\000\355\000a\000s\000\040\000y\000\040\000p\000u\000n\000t\000o\000s\000\040\000d\000e\000\040\000i\000n\000t\000e\000r\000\351\000s}{section.2.3}% 18
\BOOKMARK [1][-]{section.2.4}{\376\377\0002\000.\0004\000\040\000A\000n\000\341\000l\000i\000s\000i\000s\000\040\000d\000e\000\040\000a\000p\000l\000i\000c\000a\000c\000i\000o\000n\000e\000s\000\040\000s\000i\000m\000i\000l\000a\000r\000e\000s}{chapter.2}% 19
\BOOKMARK [2][-]{subsection.2.4.1}{\376\377\0002\000.\0004\000.\0001\000\040\000P\000o\000k\000\351\000m\000o\000n\000\040\000G\000O}{section.2.4}% 20
\BOOKMARK [2][-]{subsection.2.4.2}{\376\377\0002\000.\0004\000.\0002\000\040\000S\000t\000r\000e\000e\000t\000m\000u\000s\000e\000u\000m}{section.2.4}% 21
\BOOKMARK [2][-]{subsection.2.4.3}{\376\377\0002\000.\0004\000.\0003\000\040\000C\000u\000l\000t\000u\000A\000R}{section.2.4}% 22
\BOOKMARK [2][-]{subsection.2.4.4}{\376\377\0002\000.\0004\000.\0004\000\040\000H\000i\000s\000t\000o\000r\000y\000p\000i\000n}{section.2.4}% 23
\BOOKMARK [1][-]{section.2.5}{\376\377\0002\000.\0005\000\040\000T\000e\000c\000n\000o\000l\000o\000g\000\355\000a\000s}{chapter.2}% 24
\BOOKMARK [2][-]{subsection.2.5.1}{\376\377\0002\000.\0005\000.\0001\000\040\000P\000l\000a\000t\000a\000f\000o\000r\000m\000a\000s\000\040\000d\000e\000\040\000d\000e\000s\000a\000r\000r\000o\000l\000l\000o\000\040\000d\000e\000\040\000a\000p\000l\000i\000c\000a\000c\000i\000o\000n\000e\000s\000\040\000m\000\363\000v\000i\000l\000e\000s}{section.2.5}% 25
\BOOKMARK [2][-]{subsection.2.5.2}{\376\377\0002\000.\0005\000.\0002\000\040\000G\000e\000o\000l\000o\000c\000a\000l\000i\000z\000a\000c\000i\000\363\000n}{section.2.5}% 26
\BOOKMARK [2][-]{subsection.2.5.3}{\376\377\0002\000.\0005\000.\0003\000\040\000R\000e\000a\000l\000i\000d\000a\000d\000\040\000A\000u\000m\000e\000n\000t\000a\000d\000a\000\040\000\050\000R\000A\000\051}{section.2.5}% 27
\BOOKMARK [2][-]{subsection.2.5.4}{\376\377\0002\000.\0005\000.\0004\000\040\000B\000a\000s\000e\000\040\000d\000e\000\040\000D\000a\000t\000o\000s}{section.2.5}% 28
\BOOKMARK [2][-]{subsection.2.5.5}{\376\377\0002\000.\0005\000.\0005\000\040\000A\000r\000q\000u\000i\000t\000e\000c\000t\000u\000r\000a\000\040\000d\000e\000\040\000p\000e\000r\000s\000i\000s\000t\000e\000n\000c\000i\000a\000\040\000y\000\040\000g\000e\000s\000t\000i\000\363\000n\000\040\000d\000e\000\040\000d\000a\000t\000o\000s}{section.2.5}% 29
\BOOKMARK [0][-]{chapter.3}{\376\377\0003\000\040\000R\000e\000q\000u\000i\000s\000i\000t\000o\000s\000,\000\040\000e\000s\000p\000e\000c\000i\000f\000i\000c\000a\000c\000i\000o\000n\000e\000s\000,\000\040\000c\000o\000s\000t\000e\000,\000\040\000r\000i\000e\000s\000g\000o\000s\000,\000\040\000v\000i\000a\000b\000i\000l\000i\000d\000a\000d}{}% 30
\BOOKMARK [1][-]{section.3.1}{\376\377\0003\000.\0001\000\040\000R\000e\000q\000u\000i\000s\000i\000t\000o\000s}{chapter.3}% 31
\BOOKMARK [2][-]{subsection.3.1.1}{\376\377\0003\000.\0001\000.\0001\000\040\000R\000e\000q\000u\000i\000s\000i\000t\000o\000s\000\040\000f\000u\000n\000c\000i\000o\000n\000a\000l\000e\000s}{section.3.1}% 32
\BOOKMARK [2][-]{subsection.3.1.2}{\376\377\0003\000.\0001\000.\0002\000\040\000R\000e\000q\000u\000i\000s\000i\000t\000o\000s\000\040\000n\000o\000\040\000f\000u\000n\000c\000i\000o\000n\000a\000l\000e\000s}{section.3.1}% 33
\BOOKMARK [1][-]{section.3.2}{\376\377\0003\000.\0002\000\040\000E\000s\000p\000e\000c\000i\000f\000i\000c\000a\000c\000i\000o\000n\000e\000s}{chapter.3}% 34
\BOOKMARK [1][-]{section.3.3}{\376\377\0003\000.\0003\000\040\000C\000o\000s\000t\000e\000s}{chapter.3}% 35
\BOOKMARK [1][-]{section.3.4}{\376\377\0003\000.\0004\000\040\000R\000i\000e\000s\000g\000o\000s}{chapter.3}% 36
\BOOKMARK [1][-]{section.3.5}{\376\377\0003\000.\0005\000\040\000V\000i\000a\000b\000i\000l\000i\000d\000a\000d}{chapter.3}% 37
\BOOKMARK [0][-]{chapter.4}{\376\377\0004\000\040\000A\000n\000\341\000l\000i\000s\000i\000s}{}% 38
\BOOKMARK [0][-]{chapter.5}{\376\377\0005\000\040\000D\000i\000s\000e\000\361\000o}{}% 39
\BOOKMARK [0][-]{chapter.6}{\376\377\0006\000\040\000I\000m\000p\000l\000e\000m\000e\000n\000t\000a\000c\000i\000\363\000n\000\040\000y\000\040\000p\000r\000u\000e\000b\000a\000s}{}% 40
\BOOKMARK [1][-]{section.6.1}{\376\377\0006\000.\0001\000\040\000I\000m\000p\000l\000e\000m\000e\000n\000t\000a\000c\000i\000\363\000n}{chapter.6}% 41
\BOOKMARK [1][-]{section.6.2}{\376\377\0006\000.\0002\000\040\000P\000r\000u\000e\000b\000a\000s\000\040\000f\000u\000n\000c\000i\000o\000n\000a\000l\000e\000s}{chapter.6}% 42
\BOOKMARK [1][-]{section.6.3}{\376\377\0006\000.\0003\000\040\000P\000r\000u\000e\000b\000a\000s\000\040\000d\000e\000\040\000r\000e\000n\000d\000i\000m\000i\000e\000n\000t\000o}{chapter.6}% 43
\BOOKMARK [1][-]{section.6.4}{\376\377\0006\000.\0004\000\040\000P\000r\000u\000e\000b\000a\000s\000\040\000d\000e\000\040\000u\000s\000a\000b\000i\000l\000i\000d\000a\000d}{chapter.6}% 44
\BOOKMARK [0][-]{chapter.7}{\376\377\0007\000\040\000C\000o\000n\000c\000l\000u\000s\000i\000o\000n\000e\000s}{}% 45
\BOOKMARK [1][-]{section.7.1}{\376\377\0007\000.\0001\000\040\000R\000e\000v\000i\000s\000i\000\363\000n\000\040\000d\000e\000\040\000c\000o\000s\000t\000e\000s}{chapter.7}% 46
\BOOKMARK [1][-]{section.7.2}{\376\377\0007\000.\0002\000\040\000C\000o\000n\000c\000l\000u\000s\000i\000o\000n\000e\000s}{chapter.7}% 47
\BOOKMARK [1][-]{section.7.3}{\376\377\0007\000.\0003\000\040\000T\000r\000a\000b\000a\000j\000o\000\040\000f\000u\000t\000u\000r\000o}{chapter.7}% 48
\BOOKMARK [0][-]{appendix.Alph1}{\376\377\000A\000\040\000A\000p\000\351\000n\000d\000i\000c\000e}{}% 49
\BOOKMARK [1][-]{section.Alph1.1}{\376\377\000A\000.\0001\000\040\000E\000j\000e\000m\000p\000l\000o\000s\000\040\000d\000e\000l\000\040\000l\000e\000n\000g\000u\000a\000j\000e\000\040\000d\000e\000\040\000m\000a\000r\000c\000a\000d\000o\000\040\000L\000a\000t\000e\000x}{appendix.Alph1}% 50
\BOOKMARK [0][-]{lstnumber.-2.4}{\376\377\000B\000i\000b\000l\000i\000o\000g\000r\000a\000f\000\355\000a}{}% 51
